<?xml version="1.0" encoding="UTF-8"?>
<testsuite name="TrigonometricFunctionsTest" tests="2" skipped="0" failures="0" errors="0" timestamp="2021-03-15T20:35:20" hostname="avu-EasyNote-TJ75" time="3.992">
  <properties/>
  <testcase name="testCos()" classname="TrigonometricFunctionsTest" time="3.967"/>
  <testcase name="testSec()" classname="TrigonometricFunctionsTest" time="0.013"/>
  <system-out><![CDATA[]]></system-out>
  <system-err><![CDATA[]]></system-err>
</testsuite>
