<?xml version="1.0" encoding="UTF-8"?>
<testsuite name="TrigonometricFunctionsTest" tests="7" skipped="0" failures="0" errors="0" timestamp="2021-03-17T09:42:41" hostname="avu-EasyNote-TJ75" time="1.164">
  <properties/>
  <testcase name="testCos()" classname="TrigonometricFunctionsTest" time="1.067"/>
  <testcase name="testCot()" classname="TrigonometricFunctionsTest" time="0.023"/>
  <testcase name="testSec()" classname="TrigonometricFunctionsTest" time="0.015"/>
  <testcase name="testSin()" classname="TrigonometricFunctionsTest" time="0.004"/>
  <testcase name="integrateTestCos()" classname="TrigonometricFunctionsTest" time="0.01"/>
  <testcase name="integrateTestCot()" classname="TrigonometricFunctionsTest" time="0.024"/>
  <testcase name="integrateTestSec()" classname="TrigonometricFunctionsTest" time="0.009"/>
  <system-out><![CDATA[Вывести значение для модуля Sin? [y/n]
Вывести значение для модуля Sin? [y/n]
Вывести значение для модуля Sin? [y/n]
Вывести значение для модуля Sin? [y/n]
Вывести значение для модуля Sin? [y/n]
Вывести значение для модуля Sin? [y/n]
Вывести значение для модуля Sin? [y/n]
Вывести значение для модуля Cos? [y/n]
Вывести значение для модуля Cos? [y/n]
Вывести значение для модуля Sin? [y/n]
Вывести значение для модуля Cos? [y/n]
Вывести значение для модуля Cos? [y/n]
Вывести значение для модуля Cos? [y/n]
Вывести значение для модуля Cos? [y/n]
Вывести значение для модуля Cos? [y/n]
Вывести значение для модуля Sin? [y/n]
Вывести значение для модуля Cos? [y/n]
Вывести значение для модуля Sin? [y/n]
Вывести значение для модуля Sin? [y/n]
Вывести значение для модуля Cos? [y/n]
Вывести значение для модуля Sin? [y/n]
Вывести значение для модуля Sin? [y/n]
Вывести значение для модуля Sin? [y/n]
Вывести значение для модуля Cos? [y/n]
Вывести значение для модуля Sin? [y/n]
Вывести значение для модуля Cos? [y/n]
Вывести значение для модуля Sin? [y/n]
Вывести значение для модуля Cot? [y/n]
Вывести значение для модуля Cot? [y/n]
Вывести значение для модуля Cot? [y/n]
Вывести значение для модуля Cot? [y/n]
Вывести значение для модуля Sin? [y/n]
Вывести значение для модуля Cos? [y/n]
Вывести значение для модуля Sin? [y/n]
Вывести значение для модуля Cos? [y/n]
Вывести значение для модуля Sin? [y/n]
Вывести значение для модуля Cos? [y/n]
Вывести значение для модуля Sin? [y/n]
Вывести значение для модуля Cos? [y/n]
Вывести значение для модуля Sin? [y/n]
Вывести значение для модуля Cos? [y/n]
Вывести значение для модуля Sin? [y/n]
Вывести значение для модуля Cos? [y/n]
Вывести значение для модуля Sec? [y/n]
Вывести значение для модуля Sec? [y/n]
Вывести значение для модуля Sec? [y/n]
Вывести значение для модуля Sec? [y/n]
Вывести значение для модуля Sec? [y/n]
Вывести значение для модуля Sec? [y/n]
Вывести значение для модуля Sin? [y/n]
Вывести значение для модуля Sin? [y/n]
Вывести значение для модуля Sin? [y/n]
Вывести значение для модуля Sin? [y/n]
Вывести значение для модуля Sin? [y/n]
Вывести значение для модуля Sin? [y/n]
Вывести значение для модуля Sin? [y/n]
Вывести значение для модуля Sin? [y/n]
Вывести значение для модуля Sin? [y/n]
Вывести значение для модуля Cos? [y/n]
Вывести значение для модуля Sin? [y/n]
Вывести значение для модуля Cos? [y/n]
Вывести значение для модуля Sin? [y/n]
Вывести значение для модуля Cos? [y/n]
Вывести значение для модуля Sin? [y/n]
Вывести значение для модуля Cos? [y/n]
Вывести значение для модуля Sin? [y/n]
Вывести значение для модуля Cos? [y/n]
Вывести значение для модуля Sin? [y/n]
Вывести значение для модуля Cos? [y/n]
Вывести значение для модуля Sin? [y/n]
Вывести значение для модуля Cos? [y/n]
Вывести значение для модуля Sin? [y/n]
Вывести значение для модуля Cos? [y/n]
Вывести значение для модуля Sin? [y/n]
Вывести значение для модуля Cos? [y/n]
Вывести значение для модуля Sin? [y/n]
Вывести значение для модуля Cos? [y/n]
Вывести значение для модуля Sin? [y/n]
Вывести значение для модуля Cot? [y/n]
Вывести значение для модуля Sin? [y/n]
Вывести значение для модуля Cos? [y/n]
Вывести значение для модуля Sin? [y/n]
Вывести значение для модуля Cot? [y/n]
Вывести значение для модуля Sin? [y/n]
Вывести значение для модуля Cos? [y/n]
Вывести значение для модуля Sin? [y/n]
Вывести значение для модуля Cot? [y/n]
Вывести значение для модуля Sin? [y/n]
Вывести значение для модуля Cos? [y/n]
Вывести значение для модуля Sin? [y/n]
Вывести значение для модуля Cot? [y/n]
Вывести значение для модуля Sin? [y/n]
Вывести значение для модуля Cos? [y/n]
Вывести значение для модуля Sin? [y/n]
Вывести значение для модуля Cot? [y/n]
Вывести значение для модуля Sin? [y/n]
Вывести значение для модуля Cos? [y/n]
Вывести значение для модуля Sin? [y/n]
Вывести значение для модуля Cot? [y/n]
Вывести значение для модуля Sin? [y/n]
Вывести значение для модуля Cos? [y/n]
Вывести значение для модуля Sin? [y/n]
Вывести значение для модуля Cot? [y/n]
Вывести значение для модуля Sin? [y/n]
Вывести значение для модуля Cos? [y/n]
Вывести значение для модуля Sec? [y/n]
Вывести значение для модуля Sin? [y/n]
Вывести значение для модуля Cos? [y/n]
Вывести значение для модуля Sec? [y/n]
Вывести значение для модуля Sin? [y/n]
Вывести значение для модуля Cos? [y/n]
Вывести значение для модуля Sec? [y/n]
Вывести значение для модуля Sin? [y/n]
Вывести значение для модуля Cos? [y/n]
Вывести значение для модуля Sec? [y/n]
Вывести значение для модуля Sin? [y/n]
Вывести значение для модуля Cos? [y/n]
Вывести значение для модуля Sec? [y/n]
Вывести значение для модуля Sin? [y/n]
Вывести значение для модуля Cos? [y/n]
Вывести значение для модуля Sec? [y/n]
Вывести значение для модуля Sin? [y/n]
Вывести значение для модуля Cos? [y/n]
Вывести значение для модуля Sec? [y/n]
]]></system-out>
  <system-err><![CDATA[]]></system-err>
</testsuite>
