<?xml version="1.0" encoding="UTF-8"?>
<testsuite name="TrigonometricFunctionsTest" tests="3" skipped="0" failures="0" errors="0" timestamp="2021-03-15T21:36:14" hostname="avu-EasyNote-TJ75" time="1.872">
  <properties/>
  <testcase name="testCos()" classname="TrigonometricFunctionsTest" time="1.849"/>
  <testcase name="testCot()" classname="TrigonometricFunctionsTest" time="0.011"/>
  <testcase name="testSec()" classname="TrigonometricFunctionsTest" time="0.008"/>
  <system-out><![CDATA[]]></system-out>
  <system-err><![CDATA[]]></system-err>
</testsuite>
