<?xml version="1.0" encoding="UTF-8"?>
<testsuite name="LogarithmsTest" tests="3" skipped="0" failures="0" errors="0" timestamp="2021-03-16T23:26:43" hostname="avu-EasyNote-TJ75" time="1.998">
  <properties/>
  <testcase name="testModuleLogarithmSecondBase()" classname="LogarithmsTest" time="1.958"/>
  <testcase name="testNaturalLogarithm()" classname="LogarithmsTest" time="0.004"/>
  <testcase name="integrateTestLogarithms()" classname="LogarithmsTest" time="0.018"/>
  <system-out><![CDATA[Вывести значение для модуля Ln? [y/n]
Вывести значение для модуля Ln? [y/n]
Вывести значение для модуля Ln? [y/n]
Вывести значение для модуля Ln? [y/n]
Вывести значение для модуля Ln? [y/n]
Вывести значение для модуля Ln? [y/n]
Вывести значение для модуля Ln? [y/n]
Вывести значение для модуля Log_2? [y/n]
Вывести значение для модуля Ln? [y/n]
Вывести значение для модуля Ln? [y/n]
Вывести значение для модуля Log_2? [y/n]
Вывести значение для модуля Ln? [y/n]
Вывести значение для модуля Log_2? [y/n]
Вывести значение для модуля Ln? [y/n]
Вывести значение для модуля Log_2? [y/n]
Вывести значение для модуля Ln? [y/n]
Вывести значение для модуля Log_2? [y/n]
Вывести значение для модуля Ln? [y/n]
Вывести значение для модуля Ln? [y/n]
Вывести значение для модуля Ln? [y/n]
Вывести значение для модуля Ln? [y/n]
Вывести значение для модуля Ln? [y/n]
Вывести значение для модуля Ln? [y/n]
Вывести значение для модуля Ln? [y/n]
Вывести значение для модуля Ln? [y/n]
Вывести значение для модуля Log_2? [y/n]
Вывести значение для модуля Ln? [y/n]
Вывести значение для модуля Ln? [y/n]
Вывести значение для модуля Log_2? [y/n]
Вывести значение для модуля Ln? [y/n]
Вывести значение для модуля Ln? [y/n]
Вывести значение для модуля Log_2? [y/n]
Вывести значение для модуля Ln? [y/n]
Вывести значение для модуля Ln? [y/n]
Вывести значение для модуля Log_2? [y/n]
Вывести значение для модуля Ln? [y/n]
Вывести значение для модуля Ln? [y/n]
Вывести значение для модуля Log_2? [y/n]
Вывести значение для модуля Ln? [y/n]
Вывести значение для модуля Ln? [y/n]
Вывести значение для модуля Log_2? [y/n]
Вывести значение для модуля Ln? [y/n]
Вывести значение для модуля Ln? [y/n]
Вывести значение для модуля Log_2? [y/n]
Вывести значение для модуля Ln? [y/n]
Вывести значение для модуля Ln? [y/n]
Вывести значение для модуля Log_2? [y/n]
]]></system-out>
  <system-err><![CDATA[]]></system-err>
</testsuite>
